<?xml version="1.0" encoding="UTF-8"?>
<!-- Generated by org.testng.reporters.JUnitXMLReporter -->
<testsuite ignored="0" hostname="Ghaith" failures="0" tests="4" name="Default test" time="4.362" errors="0" timestamp="2025-04-30T23:52:16 EET">
  <testcase classname="AutomationFinalProject_April.AutomationFinalProject_April.AppTest" name="CheckWebsiteLanguage" time="0.035"/>
  <testcase classname="AutomationFinalProject_April.AutomationFinalProject_April.AppTest" name="CheckCurrency" time="0.054"/>
  <testcase classname="AutomationFinalProject_April.AutomationFinalProject_April.AppTest" name="CheckContactNumber" time="0.03"/>
  <testcase classname="AutomationFinalProject_April.AutomationFinalProject_April.AppTest" name="CheckQitafLogo" time="0.055"/>
</testsuite> <!-- Default test -->
