<?xml version="1.0" encoding="UTF-8"?>
<!-- Generated by org.testng.reporters.JUnitXMLReporter -->
<testsuite ignored="7" hostname="Ghaith" failures="0" tests="10" name="Default test" time="9.055" errors="0" timestamp="2025-05-02T01:38:55 EET">
  <testcase classname="AutomationFinalProject_April.AutomationFinalProject_April.AppTest" name="CheckTheWebsiteLanguage" time="0.525"/>
  <testcase classname="AutomationFinalProject_April.AutomationFinalProject_April.AppTest" name="CheckTheWebsiteLanguage" time="0.33"/>
  <testcase classname="AutomationFinalProject_April.AutomationFinalProject_April.AppTest" name="CheckTheWebsiteLanguage" time="0.456"/>
  <testcase classname="AutomationFinalProject_April.AutomationFinalProject_April.AppTest" name="CheckTheWebsiteLanguage" time="0.714"/>
  <testcase classname="AutomationFinalProject_April.AutomationFinalProject_April.AppTest" name="CheckTheWebsiteLanguage" time="0.483"/>
  <testcase classname="AutomationFinalProject_April.AutomationFinalProject_April.AppTest" name="CheckTheWebsiteLanguage" time="0.338"/>
  <testcase classname="AutomationFinalProject_April.AutomationFinalProject_April.AppTest" name="CheckTheWebsiteLanguage" time="0.33"/>
  <testcase classname="AutomationFinalProject_April.AutomationFinalProject_April.AppTest" name="CheckTheWebsiteLanguage" time="0.495"/>
  <testcase classname="AutomationFinalProject_April.AutomationFinalProject_April.AppTest" name="CheckTheWebsiteLanguage" time="0.335"/>
  <testcase classname="AutomationFinalProject_April.AutomationFinalProject_April.AppTest" name="CheckTheWebsiteLanguage" time="0.465"/>
  <testcase classname="AutomationFinalProject_April.AutomationFinalProject_April.AppTest" name="CheckWebsiteLanguage" time="0.0">
    <ignored/>
  </testcase> <!-- CheckWebsiteLanguage -->
  <testcase classname="AutomationFinalProject_April.AutomationFinalProject_April.AppTest" name="CheckCurrency" time="0.0">
    <ignored/>
  </testcase> <!-- CheckCurrency -->
  <testcase classname="AutomationFinalProject_April.AutomationFinalProject_April.AppTest" name="FlightDepartureDate" time="0.0">
    <ignored/>
  </testcase> <!-- FlightDepartureDate -->
  <testcase classname="AutomationFinalProject_April.AutomationFinalProject_April.AppTest" name="CheckQitafLogo" time="0.0">
    <ignored/>
  </testcase> <!-- CheckQitafLogo -->
  <testcase classname="AutomationFinalProject_April.AutomationFinalProject_April.AppTest" name="CheckHotelTabIsNotSelected" time="0.0">
    <ignored/>
  </testcase> <!-- CheckHotelTabIsNotSelected -->
  <testcase classname="AutomationFinalProject_April.AutomationFinalProject_April.AppTest" name="ReturnDate" time="0.0">
    <ignored/>
  </testcase> <!-- ReturnDate -->
  <testcase classname="AutomationFinalProject_April.AutomationFinalProject_April.AppTest" name="CheckContactNumber" time="0.0">
    <ignored/>
  </testcase> <!-- CheckContactNumber -->
</testsuite> <!-- Default test -->
