<?xml version="1.0" encoding="UTF-8"?>
<testng-results ignored="7" total="17" passed="10" failed="0" skipped="0">
  <reporter-output>
  </reporter-output>
  <suite started-at="2025-05-02T01:38:46 EET" name="Default suite" finished-at="2025-05-02T01:38:55 EET" duration-ms="9055">
    <groups>
    </groups>
    <test started-at="2025-05-02T01:38:46 EET" name="Default test" finished-at="2025-05-02T01:38:55 EET" duration-ms="9055">
      <class name="AutomationFinalProject_April.AutomationFinalProject_April.AppTest">
        <test-method is-config="true" signature="mySetup()[pri:0, instance:AutomationFinalProject_April.AutomationFinalProject_April.AppTest@4b45dcb8]" started-at="2025-05-02T01:38:46 EET" name="mySetup" finished-at="2025-05-02T01:38:50 EET" duration-ms="4540" status="PASS">
          <reporter-output>
          </reporter-output>
        </test-method> <!-- mySetup -->
        <test-method signature="CheckTheWebsiteLanguage()[pri:8, instance:AutomationFinalProject_April.AutomationFinalProject_April.AppTest@4b45dcb8]" started-at="2025-05-02T01:38:50 EET" name="CheckTheWebsiteLanguage" finished-at="2025-05-02T01:38:51 EET" duration-ms="525" status="PASS">
          <reporter-output>
          </reporter-output>
        </test-method> <!-- CheckTheWebsiteLanguage -->
        <test-method signature="CheckTheWebsiteLanguage()[pri:8, instance:AutomationFinalProject_April.AutomationFinalProject_April.AppTest@4b45dcb8]" started-at="2025-05-02T01:38:51 EET" name="CheckTheWebsiteLanguage" finished-at="2025-05-02T01:38:51 EET" duration-ms="330" status="PASS">
          <reporter-output>
          </reporter-output>
        </test-method> <!-- CheckTheWebsiteLanguage -->
        <test-method signature="CheckTheWebsiteLanguage()[pri:8, instance:AutomationFinalProject_April.AutomationFinalProject_April.AppTest@4b45dcb8]" started-at="2025-05-02T01:38:51 EET" name="CheckTheWebsiteLanguage" finished-at="2025-05-02T01:38:51 EET" duration-ms="456" status="PASS">
          <reporter-output>
          </reporter-output>
        </test-method> <!-- CheckTheWebsiteLanguage -->
        <test-method signature="CheckTheWebsiteLanguage()[pri:8, instance:AutomationFinalProject_April.AutomationFinalProject_April.AppTest@4b45dcb8]" started-at="2025-05-02T01:38:51 EET" name="CheckTheWebsiteLanguage" finished-at="2025-05-02T01:38:52 EET" duration-ms="714" status="PASS">
          <reporter-output>
          </reporter-output>
        </test-method> <!-- CheckTheWebsiteLanguage -->
        <test-method signature="CheckTheWebsiteLanguage()[pri:8, instance:AutomationFinalProject_April.AutomationFinalProject_April.AppTest@4b45dcb8]" started-at="2025-05-02T01:38:52 EET" name="CheckTheWebsiteLanguage" finished-at="2025-05-02T01:38:53 EET" duration-ms="483" status="PASS">
          <reporter-output>
          </reporter-output>
        </test-method> <!-- CheckTheWebsiteLanguage -->
        <test-method signature="CheckTheWebsiteLanguage()[pri:8, instance:AutomationFinalProject_April.AutomationFinalProject_April.AppTest@4b45dcb8]" started-at="2025-05-02T01:38:53 EET" name="CheckTheWebsiteLanguage" finished-at="2025-05-02T01:38:53 EET" duration-ms="338" status="PASS">
          <reporter-output>
          </reporter-output>
        </test-method> <!-- CheckTheWebsiteLanguage -->
        <test-method signature="CheckTheWebsiteLanguage()[pri:8, instance:AutomationFinalProject_April.AutomationFinalProject_April.AppTest@4b45dcb8]" started-at="2025-05-02T01:38:53 EET" name="CheckTheWebsiteLanguage" finished-at="2025-05-02T01:38:53 EET" duration-ms="330" status="PASS">
          <reporter-output>
          </reporter-output>
        </test-method> <!-- CheckTheWebsiteLanguage -->
        <test-method signature="CheckTheWebsiteLanguage()[pri:8, instance:AutomationFinalProject_April.AutomationFinalProject_April.AppTest@4b45dcb8]" started-at="2025-05-02T01:38:53 EET" name="CheckTheWebsiteLanguage" finished-at="2025-05-02T01:38:54 EET" duration-ms="495" status="PASS">
          <reporter-output>
          </reporter-output>
        </test-method> <!-- CheckTheWebsiteLanguage -->
        <test-method signature="CheckTheWebsiteLanguage()[pri:8, instance:AutomationFinalProject_April.AutomationFinalProject_April.AppTest@4b45dcb8]" started-at="2025-05-02T01:38:54 EET" name="CheckTheWebsiteLanguage" finished-at="2025-05-02T01:38:54 EET" duration-ms="335" status="PASS">
          <reporter-output>
          </reporter-output>
        </test-method> <!-- CheckTheWebsiteLanguage -->
        <test-method signature="CheckTheWebsiteLanguage()[pri:8, instance:AutomationFinalProject_April.AutomationFinalProject_April.AppTest@4b45dcb8]" started-at="2025-05-02T01:38:54 EET" name="CheckTheWebsiteLanguage" finished-at="2025-05-02T01:38:55 EET" duration-ms="465" status="PASS">
          <reporter-output>
          </reporter-output>
        </test-method> <!-- CheckTheWebsiteLanguage -->
        <test-method is-config="true" signature="AfterMyTest()[pri:0, instance:AutomationFinalProject_April.AutomationFinalProject_April.AppTest@4b45dcb8]" started-at="2025-05-02T01:38:55 EET" name="AfterMyTest" finished-at="2025-05-02T01:38:55 EET" duration-ms="0" status="PASS">
          <reporter-output>
          </reporter-output>
        </test-method> <!-- AfterMyTest -->
      </class> <!-- AutomationFinalProject_April.AutomationFinalProject_April.AppTest -->
    </test> <!-- Default test -->
  </suite> <!-- Default suite -->
</testng-results>
