<?xml version="1.0" encoding="UTF-8"?>
<testng-results ignored="0" total="4" passed="4" failed="0" skipped="0">
  <reporter-output>
  </reporter-output>
  <suite started-at="2025-04-30T23:52:12 EET" name="Default suite" finished-at="2025-04-30T23:52:16 EET" duration-ms="4362">
    <groups>
    </groups>
    <test started-at="2025-04-30T23:52:12 EET" name="Default test" finished-at="2025-04-30T23:52:16 EET" duration-ms="4362">
      <class name="AutomationFinalProject_April.AutomationFinalProject_April.AppTest">
        <test-method is-config="true" signature="mySetup()[pri:0, instance:AutomationFinalProject_April.AutomationFinalProject_April.AppTest@57ea113a]" started-at="2025-04-30T23:52:12 EET" name="mySetup" finished-at="2025-04-30T23:52:16 EET" duration-ms="4150" status="PASS">
          <reporter-output>
          </reporter-output>
        </test-method> <!-- mySetup -->
        <test-method signature="CheckWebsiteLanguage()[pri:1, instance:AutomationFinalProject_April.AutomationFinalProject_April.AppTest@57ea113a]" started-at="2025-04-30T23:52:16 EET" name="CheckWebsiteLanguage" finished-at="2025-04-30T23:52:16 EET" duration-ms="35" status="PASS">
          <reporter-output>
          </reporter-output>
        </test-method> <!-- CheckWebsiteLanguage -->
        <test-method signature="CheckCurrency()[pri:2, instance:AutomationFinalProject_April.AutomationFinalProject_April.AppTest@57ea113a]" started-at="2025-04-30T23:52:16 EET" name="CheckCurrency" finished-at="2025-04-30T23:52:16 EET" duration-ms="54" status="PASS">
          <reporter-output>
          </reporter-output>
        </test-method> <!-- CheckCurrency -->
        <test-method signature="CheckContactNumber()[pri:3, instance:AutomationFinalProject_April.AutomationFinalProject_April.AppTest@57ea113a]" started-at="2025-04-30T23:52:16 EET" name="CheckContactNumber" finished-at="2025-04-30T23:52:16 EET" duration-ms="30" status="PASS">
          <reporter-output>
          </reporter-output>
        </test-method> <!-- CheckContactNumber -->
        <test-method signature="CheckQitafLogo()[pri:4, instance:AutomationFinalProject_April.AutomationFinalProject_April.AppTest@57ea113a]" started-at="2025-04-30T23:52:16 EET" name="CheckQitafLogo" finished-at="2025-04-30T23:52:16 EET" duration-ms="55" status="PASS">
          <reporter-output>
          </reporter-output>
        </test-method> <!-- CheckQitafLogo -->
        <test-method is-config="true" signature="AfterMyTest()[pri:0, instance:AutomationFinalProject_April.AutomationFinalProject_April.AppTest@57ea113a]" started-at="2025-04-30T23:52:16 EET" name="AfterMyTest" finished-at="2025-04-30T23:52:16 EET" duration-ms="0" status="PASS">
          <reporter-output>
          </reporter-output>
        </test-method> <!-- AfterMyTest -->
      </class> <!-- AutomationFinalProject_April.AutomationFinalProject_April.AppTest -->
    </test> <!-- Default test -->
  </suite> <!-- Default suite -->
</testng-results>
