<?xml version="1.0" encoding="UTF-8"?>
<!-- Generated by org.testng.reporters.JUnitReportReporter -->
<testsuite hostname="Ghaith" failures="0" tests="17" name="AutomationFinalProject_April.AutomationFinalProject_April.AppTest" time="4.471" errors="0" timestamp="2025-05-02T01:38:55 EET" skipped="7">
  <testcase classname="AutomationFinalProject_April.AutomationFinalProject_April.AppTest" name="CheckTheWebsiteLanguage" time="0.495"/>
  <testcase classname="AutomationFinalProject_April.AutomationFinalProject_April.AppTest" name="CheckTheWebsiteLanguage" time="0.338"/>
  <testcase classname="AutomationFinalProject_April.AutomationFinalProject_April.AppTest" name="CheckTheWebsiteLanguage" time="0.330"/>
  <testcase classname="AutomationFinalProject_April.AutomationFinalProject_April.AppTest" name="CheckTheWebsiteLanguage" time="0.465"/>
  <testcase classname="AutomationFinalProject_April.AutomationFinalProject_April.AppTest" name="CheckTheWebsiteLanguage" time="0.456"/>
  <testcase classname="AutomationFinalProject_April.AutomationFinalProject_April.AppTest" name="CheckTheWebsiteLanguage" time="0.335"/>
  <testcase classname="AutomationFinalProject_April.AutomationFinalProject_April.AppTest" name="CheckTheWebsiteLanguage" time="0.483"/>
  <testcase classname="AutomationFinalProject_April.AutomationFinalProject_April.AppTest" name="CheckTheWebsiteLanguage" time="0.330"/>
  <testcase classname="AutomationFinalProject_April.AutomationFinalProject_April.AppTest" name="CheckTheWebsiteLanguage" time="0.714"/>
  <testcase classname="AutomationFinalProject_April.AutomationFinalProject_April.AppTest" name="CheckTheWebsiteLanguage" time="0.525"/>
  <testcase classname="AutomationFinalProject_April.AutomationFinalProject_April.AppTest" name="CheckWebsiteLanguage">
    <skipped/>
  </testcase> <!-- CheckWebsiteLanguage -->
  <testcase classname="AutomationFinalProject_April.AutomationFinalProject_April.AppTest" name="CheckCurrency">
    <skipped/>
  </testcase> <!-- CheckCurrency -->
  <testcase classname="AutomationFinalProject_April.AutomationFinalProject_April.AppTest" name="FlightDepartureDate">
    <skipped/>
  </testcase> <!-- FlightDepartureDate -->
  <testcase classname="AutomationFinalProject_April.AutomationFinalProject_April.AppTest" name="CheckQitafLogo">
    <skipped/>
  </testcase> <!-- CheckQitafLogo -->
  <testcase classname="AutomationFinalProject_April.AutomationFinalProject_April.AppTest" name="CheckHotelTabIsNotSelected">
    <skipped/>
  </testcase> <!-- CheckHotelTabIsNotSelected -->
  <testcase classname="AutomationFinalProject_April.AutomationFinalProject_April.AppTest" name="ReturnDate">
    <skipped/>
  </testcase> <!-- ReturnDate -->
  <testcase classname="AutomationFinalProject_April.AutomationFinalProject_April.AppTest" name="CheckContactNumber">
    <skipped/>
  </testcase> <!-- CheckContactNumber -->
</testsuite> <!-- AutomationFinalProject_April.AutomationFinalProject_April.AppTest -->
