<?xml version="1.0" encoding="UTF-8"?>
<!-- Generated by org.testng.reporters.JUnitReportReporter -->
<testsuite hostname="Ghaith" failures="0" tests="4" name="AutomationFinalProject_April.AutomationFinalProject_April.AppTest" time="0.174" errors="0" timestamp="2025-04-30T23:52:16 EET" skipped="0">
  <testcase classname="AutomationFinalProject_April.AutomationFinalProject_April.AppTest" name="CheckWebsiteLanguage" time="0.035"/>
  <testcase classname="AutomationFinalProject_April.AutomationFinalProject_April.AppTest" name="CheckCurrency" time="0.054"/>
  <testcase classname="AutomationFinalProject_April.AutomationFinalProject_April.AppTest" name="CheckContactNumber" time="0.030"/>
  <testcase classname="AutomationFinalProject_April.AutomationFinalProject_April.AppTest" name="CheckQitafLogo" time="0.055"/>
</testsuite> <!-- AutomationFinalProject_April.AutomationFinalProject_April.AppTest -->
